This is pdfTeX, Version 3.141592653-2.6-1.40.22 (MiKTeX 21.6 Portable) (preloaded format=pdflatex 2021.7.27)  6 NOV 2021 11:10
entering extended mode
**./assignment_3_report.tex
(assignment_3_report.tex
LaTeX2e <2021-06-01>
L3 programming layer <2021-06-01>
(C:\Users\Hp\scoop\apps\latex\current\texmfs\install\tex/latex/base\article.cls
Document Class: article 2021/02/12 v1.4n Standard LaTeX document class
(C:\Users\Hp\scoop\apps\latex\current\texmfs\install\tex/latex/base\size11.clo
File: size11.clo 2021/02/12 v1.4n Standard LaTeX file (size option)
)
\c@part=\count182
\c@section=\count183
\c@subsection=\count184
\c@subsubsection=\count185
\c@paragraph=\count186
\c@subparagraph=\count187
\c@figure=\count188
\c@table=\count189
\abovecaptionskip=\skip47
\belowcaptionskip=\skip48
\bibindent=\dimen138
)
(C:\Users\Hp\scoop\apps\latex\current\texmfs\install\tex/latex/amsmath\amsmath.
sty
Package: amsmath 2021/04/20 v2.17j AMS math features
\@mathmargin=\skip49

For additional information on amsmath, use the `?' option.

(C:\Users\Hp\scoop\apps\latex\current\texmfs\install\tex/latex/amsmath\amstext.
sty
Package: amstext 2000/06/29 v2.01 AMS text

(C:\Users\Hp\scoop\apps\latex\current\texmfs\install\tex/latex/amsmath\amsgen.s
ty
File: amsgen.sty 1999/11/30 v2.0 generic functions
\@emptytoks=\toks16
\ex@=\dimen139
))
(C:\Users\Hp\scoop\apps\latex\current\texmfs\install\tex/latex/amsmath\amsbsy.s
ty
Package: amsbsy 1999/11/29 v1.2d Bold Symbols
\pmbraise@=\dimen140
)
(C:\Users\Hp\scoop\apps\latex\current\texmfs\install\tex/latex/amsmath\amsopn.s
ty
Package: amsopn 2016/03/08 v2.02 operator names
)
\inf@bad=\count190
LaTeX Info: Redefining \frac on input line 234.
\uproot@=\count191
\leftroot@=\count192
LaTeX Info: Redefining \overline on input line 399.
\classnum@=\count193
\DOTSCASE@=\count194
LaTeX Info: Redefining \ldots on input line 496.
LaTeX Info: Redefining \dots on input line 499.
LaTeX Info: Redefining \cdots on input line 620.
\Mathstrutbox@=\box50
\strutbox@=\box51
\big@size=\dimen141
LaTeX Font Info:    Redeclaring font encoding OML on input line 743.
LaTeX Font Info:    Redeclaring font encoding OMS on input line 744.
\macc@depth=\count195
\c@MaxMatrixCols=\count196
\dotsspace@=\muskip16
\c@parentequation=\count197
\dspbrk@lvl=\count198
\tag@help=\toks17
\row@=\count199
\column@=\count266
\maxfields@=\count267
\andhelp@=\toks18
\eqnshift@=\dimen142
\alignsep@=\dimen143
\tagshift@=\dimen144
\tagwidth@=\dimen145
\totwidth@=\dimen146
\lineht@=\dimen147
\@envbody=\toks19
\multlinegap=\skip50
\multlinetaggap=\skip51
\mathdisplay@stack=\toks20
LaTeX Info: Redefining \[ on input line 2923.
LaTeX Info: Redefining \] on input line 2924.
)
(C:\Users\Hp\scoop\apps\latex\current\texmfs\install\tex/latex/amsfonts\amsfont
s.sty
Package: amsfonts 2013/01/14 v3.01 Basic AMSFonts support
\symAMSa=\mathgroup4
\symAMSb=\mathgroup5
LaTeX Font Info:    Redeclaring math symbol \hbar on input line 98.
LaTeX Font Info:    Overwriting math alphabet `\mathfrak' in version `bold'
(Font)                  U/euf/m/n --> U/euf/b/n on input line 106.
)
(C:\Users\Hp\scoop\apps\latex\current\texmfs\install\tex/latex/amsfonts\amssymb
.sty
Package: amssymb 2013/01/14 v3.01 AMS font symbols
)
(C:\Users\Hp\scoop\apps\latex\current\texmfs\install\tex/latex/preprint\fullpag
e.sty
Package: fullpage 1999/02/23 1.1 (PWD)
\FP@margin=\skip52
)
(C:\Users\Hp\scoop\apps\latex\current\texmfs\install\tex/latex/graphics\graphic
x.sty
Package: graphicx 2020/12/05 v1.2c Enhanced LaTeX Graphics (DPC,SPQR)

(C:\Users\Hp\scoop\apps\latex\current\texmfs\install\tex/latex/graphics\keyval.
sty
Package: keyval 2014/10/28 v1.15 key=value parser (DPC)
\KV@toks@=\toks21
)
(C:\Users\Hp\scoop\apps\latex\current\texmfs\install\tex/latex/graphics\graphic
s.sty
Package: graphics 2021/03/04 v1.4d Standard LaTeX Graphics (DPC,SPQR)

(C:\Users\Hp\scoop\apps\latex\current\texmfs\install\tex/latex/graphics\trig.st
y
Package: trig 2016/01/03 v1.10 sin cos tan (DPC)
)
(C:\Users\Hp\scoop\apps\latex\current\texmfs\install\tex/latex/graphics-cfg\gra
phics.cfg
File: graphics.cfg 2016/06/04 v1.11 sample graphics configuration
)
Package graphics Info: Driver file: pdftex.def on input line 107.

(C:\Users\Hp\scoop\apps\latex\current\texmfs\install\tex/latex/graphics-def\pdf
tex.def
File: pdftex.def 2020/10/05 v1.2a Graphics/color driver for pdftex
))
\Gin@req@height=\dimen148
\Gin@req@width=\dimen149
)
(C:\Users\Hp\scoop\apps\latex\current\texmfs\install\tex/latex/hyperref\hyperre
f.sty
Package: hyperref 2021-06-05 v7.00l Hypertext links for LaTeX

(C:\Users\Hp\scoop\apps\latex\current\texmfs\install\tex/generic/ltxcmds\ltxcmd
s.sty
Package: ltxcmds 2020-05-10 v1.25 LaTeX kernel commands for general use (HO)
)
(C:\Users\Hp\scoop\apps\latex\current\texmfs\install\tex/generic/iftex\iftex.st
y
Package: iftex 2020/03/06 v1.0d TeX engine tests
)
(C:\Users\Hp\scoop\apps\latex\current\texmfs\install\tex/generic/pdftexcmds\pdf
texcmds.sty
Package: pdftexcmds 2020-06-27 v0.33 Utility functions of pdfTeX for LuaTeX (HO
)

(C:\Users\Hp\scoop\apps\latex\current\texmfs\install\tex/generic/infwarerr\infw
arerr.sty
Package: infwarerr 2019/12/03 v1.5 Providing info/warning/error messages (HO)
)
Package pdftexcmds Info: \pdf@primitive is available.
Package pdftexcmds Info: \pdf@ifprimitive is available.
Package pdftexcmds Info: \pdfdraftmode found.
)
(C:\Users\Hp\scoop\apps\latex\current\texmfs\install\tex/generic/kvsetkeys\kvse
tkeys.sty
Package: kvsetkeys 2019/12/15 v1.18 Key value parser (HO)
)
(C:\Users\Hp\scoop\apps\latex\current\texmfs\install\tex/generic/kvdefinekeys\k
vdefinekeys.sty
Package: kvdefinekeys 2019-12-19 v1.6 Define keys (HO)
)
(C:\Users\Hp\scoop\apps\latex\current\texmfs\install\tex/generic/pdfescape\pdfe
scape.sty
Package: pdfescape 2019/12/09 v1.15 Implements pdfTeX's escape features (HO)
)
(C:\Users\Hp\scoop\apps\latex\current\texmfs\install\tex/latex/hycolor\hycolor.
sty
Package: hycolor 2020-01-27 v1.10 Color options for hyperref/bookmark (HO)
)
(C:\Users\Hp\scoop\apps\latex\current\texmfs\install\tex/latex/letltxmacro\letl
txmacro.sty
Package: letltxmacro 2019/12/03 v1.6 Let assignment for LaTeX macros (HO)
)
(C:\Users\Hp\scoop\apps\latex\current\texmfs\install\tex/latex/auxhook\auxhook.
sty
Package: auxhook 2019-12-17 v1.6 Hooks for auxiliary files (HO)
)
(C:\Users\Hp\scoop\apps\latex\current\texmfs\install\tex/latex/kvoptions\kvopti
ons.sty
Package: kvoptions 2020-10-07 v3.14 Key value format for package options (HO)
)
\@linkdim=\dimen150
\Hy@linkcounter=\count268
\Hy@pagecounter=\count269

(C:\Users\Hp\scoop\apps\latex\current\texmfs\install\tex/latex/hyperref\pd1enc.
def
File: pd1enc.def 2021-06-05 v7.00l Hyperref: PDFDocEncoding definition (HO)
Now handling font encoding PD1 ...
... no UTF-8 mapping file for font encoding PD1
)
(C:\Users\Hp\scoop\apps\latex\current\texmfs\install\tex/latex/hyperref\hyperre
f-langpatches.def
File: hyperref-langpatches.def 2021-06-05 v7.00l Hyperref: patches for babel la
nguages
)
(C:\Users\Hp\scoop\apps\latex\current\texmfs\install\tex/generic/intcalc\intcal
c.sty
Package: intcalc 2019/12/15 v1.3 Expandable calculations with integers (HO)
)
(C:\Users\Hp\scoop\apps\latex\current\texmfs\install\tex/generic/etexcmds\etexc
mds.sty
Package: etexcmds 2019/12/15 v1.7 Avoid name clashes with e-TeX commands (HO)
)
\Hy@SavedSpaceFactor=\count270

(C:\Users\Hp\scoop\apps\latex\current\texmfs\install\tex/latex/hyperref\puenc.d
ef
File: puenc.def 2021-06-05 v7.00l Hyperref: PDF Unicode definition (HO)
Now handling font encoding PU ...
... no UTF-8 mapping file for font encoding PU
)
Package hyperref Info: Hyper figures OFF on input line 4192.
Package hyperref Info: Link nesting OFF on input line 4197.
Package hyperref Info: Hyper index ON on input line 4200.
Package hyperref Info: Plain pages OFF on input line 4207.
Package hyperref Info: Backreferencing OFF on input line 4212.
Package hyperref Info: Implicit mode ON; LaTeX internals redefined.
Package hyperref Info: Bookmarks ON on input line 4445.
\c@Hy@tempcnt=\count271
 (C:\Users\Hp\scoop\apps\latex\current\texmfs\install\tex/latex/url\url.sty
\Urlmuskip=\muskip17
Package: url 2013/09/16  ver 3.4  Verb mode for urls, etc.
)
LaTeX Info: Redefining \url on input line 4804.
\XeTeXLinkMargin=\dimen151

(C:\Users\Hp\scoop\apps\latex\current\texmfs\install\tex/generic/bitset\bitset.
sty
Package: bitset 2019/12/09 v1.3 Handle bit-vector datatype (HO)

(C:\Users\Hp\scoop\apps\latex\current\texmfs\install\tex/generic/bigintcalc\big
intcalc.sty
Package: bigintcalc 2019/12/15 v1.5 Expandable calculations on big integers (HO
)
))
\Fld@menulength=\count272
\Field@Width=\dimen152
\Fld@charsize=\dimen153
Package hyperref Info: Hyper figures OFF on input line 6076.
Package hyperref Info: Link nesting OFF on input line 6081.
Package hyperref Info: Hyper index ON on input line 6084.
Package hyperref Info: backreferencing OFF on input line 6091.
Package hyperref Info: Link coloring OFF on input line 6096.
Package hyperref Info: Link coloring with OCG OFF on input line 6101.
Package hyperref Info: PDF/A mode OFF on input line 6106.
LaTeX Info: Redefining \ref on input line 6146.
LaTeX Info: Redefining \pageref on input line 6150.

(C:\Users\Hp\scoop\apps\latex\current\texmfs\install\tex/latex/base\atbegshi-lt
x.sty
Package: atbegshi-ltx 2021/01/10 v1.0c Emulation of the original atbegshi
package with kernel methods
)
\Hy@abspage=\count273
\c@Item=\count274
\c@Hfootnote=\count275
)
Package hyperref Info: Driver (autodetected): hpdftex.

(C:\Users\Hp\scoop\apps\latex\current\texmfs\install\tex/latex/hyperref\hpdftex
.def
File: hpdftex.def 2021-06-05 v7.00l Hyperref driver for pdfTeX

(C:\Users\Hp\scoop\apps\latex\current\texmfs\install\tex/latex/base\atveryend-l
tx.sty
Package: atveryend-ltx 2020/08/19 v1.0a Emulation of the original atvery packag
e
with kernel methods
)
\Fld@listcount=\count276
\c@bookmark@seq@number=\count277

(C:\Users\Hp\scoop\apps\latex\current\texmfs\install\tex/latex/rerunfilecheck\r
erunfilecheck.sty
Package: rerunfilecheck 2019/12/05 v1.9 Rerun checks for auxiliary files (HO)

(C:\Users\Hp\scoop\apps\latex\current\texmfs\install\tex/generic/uniquecounter\
uniquecounter.sty
Package: uniquecounter 2019/12/15 v1.4 Provide unlimited unique counter (HO)
)
Package uniquecounter Info: New unique counter `rerunfilecheck' on input line 2
86.
)
\Hy@SectionHShift=\skip53
)
(C:\Users\Hp\scoop\apps\latex\current\texmfs\install\tex/latex/float\float.sty
Package: float 2001/11/08 v1.3d Float enhancements (AL)
\c@float@type=\count278
\float@exts=\toks22
\float@box=\box52
\@float@everytoks=\toks23
\@floatcapt=\box53
)
(C:\Users\Hp\scoop\apps\latex\current\texmfs\install\tex/latex/siunitx\siunitx.
sty
Package: siunitx 2021-07-22 v3.0.22 A comprehensive (SI) units package
\l__siunitx_angle_tmp_dim=\dimen154
\l__siunitx_angle_marker_box=\box54
\l__siunitx_angle_unit_box=\box55
\l__siunitx_compound_count_int=\count279

(C:\Users\Hp\scoop\apps\latex\current\texmfs\install\tex/latex/translations\tra
nslations.sty
Package: translations 2021/01/17 v1.10a internationalization of LaTeX2e package
s (CN)

(C:\Users\Hp\scoop\apps\latex\current\texmfs\install\tex/latex/etoolbox\etoolbo
x.sty
Package: etoolbox 2020/10/05 v2.5k e-TeX tools for LaTeX (JAW)
\etb@tempcnta=\count280
))
\l__siunitx_number_exponent_fixed_int=\count281
\l__siunitx_number_min_decimal_int=\count282
\l__siunitx_number_min_integer_int=\count283
\l__siunitx_number_round_precision_int=\count284
\l__siunitx_number_group_minimum_int=\count285

(C:\Users\Hp\scoop\apps\latex\current\texmfs\install\tex/latex/graphics\color.s
ty
Package: color 2020/02/24 v1.2b Standard LaTeX Color (DPC)

(C:\Users\Hp\scoop\apps\latex\current\texmfs\install\tex/latex/graphics-cfg\col
or.cfg
File: color.cfg 2016/01/02 v1.6 sample color configuration
)
Package color Info: Driver file: pdftex.def on input line 149.
)
\l__siunitx_table_tmp_box=\box56
\l__siunitx_table_tmp_dim=\dimen155
\l__siunitx_table_column_width_dim=\dimen156
\l__siunitx_table_integer_box=\box57
\l__siunitx_table_decimal_box=\box58
\l__siunitx_table_before_box=\box59
\l__siunitx_table_after_box=\box60
\l__siunitx_table_before_dim=\dimen157
\l__siunitx_table_carry_dim=\dimen158
\l__siunitx_unit_tmp_int=\count286
\l__siunitx_unit_position_int=\count287
\l__siunitx_unit_total_int=\count288

(C:\Users\Hp\scoop\apps\latex\current\texmfs\install\tex/latex/l3packages/l3key
s2e\l3keys2e.sty
(C:\Users\Hp\scoop\apps\latex\current\texmfs\install\tex/latex/l3kernel\expl3.s
ty
Package: expl3 2021-06-01 L3 programming layer (loader) 

(C:\Users\Hp\scoop\apps\latex\current\texmfs\install\tex/latex/l3backend\l3back
end-pdftex.def
File: l3backend-pdftex.def 2021-05-07 L3 backend support: PDF output (pdfTeX)
\l__color_backend_stack_int=\count289
\l__pdf_internal_box=\box61
))
Package: l3keys2e 2021-06-01 LaTeX2e option processing using LaTeX3 keys
)
(C:\Users\Hp\scoop\apps\latex\current\texmfs\install\tex/latex/tools\array.sty
Package: array 2021/04/20 v2.5e Tabular extension package (FMi)
\col@sep=\dimen159
\ar@mcellbox=\box62
\extrarowheight=\dimen160
\NC@list=\toks24
\extratabsurround=\skip54
\backup@length=\skip55
\ar@cellbox=\box63
))
(C:\Users\Hp\scoop\apps\latex\current\texmfs\install\tex/latex/jknappen\mathrsf
s.sty
Package: mathrsfs 1996/01/01 Math RSFS package v1.0 (jk)
\symrsfs=\mathgroup6
)
(C:\Users\Hp\scoop\apps\latex\current\texmfs\install\tex/latex/caption\subcapti
on.sty
Package: subcaption 2020/10/07 v1.3j Sub-captions (AR)

(C:\Users\Hp\scoop\apps\latex\current\texmfs\install\tex/latex/caption\caption.
sty
Package: caption 2020/10/26 v3.5g Customizing captions (AR)

(C:\Users\Hp\scoop\apps\latex\current\texmfs\install\tex/latex/caption\caption3
.sty
Package: caption3 2020/10/21 v2.2e caption3 kernel (AR)
\captionmargin=\dimen161
\captionmargin@=\dimen162
\captionwidth=\dimen163
\caption@tempdima=\dimen164
\caption@indent=\dimen165
\caption@parindent=\dimen166
\caption@hangindent=\dimen167
Package caption Info: Standard document class detected.
)
\c@caption@flags=\count290
\c@continuedfloat=\count291
Package caption Info: float package is loaded.
Package caption Info: hyperref package is loaded.
)
\c@subfigure=\count292
\c@subtable=\count293
)
(C:\Users\Hp\scoop\apps\latex\current\texmfs\install\tex/latex/ulem\ulem.sty
\UL@box=\box64
\UL@hyphenbox=\box65
\UL@skip=\skip56
\UL@hook=\toks25
\UL@height=\dimen168
\UL@pe=\count294
\UL@pixel=\dimen169
\ULC@box=\box66
Package: ulem 2019/11/18
\ULdepth=\dimen170
)
(C:\Users\Hp\scoop\apps\latex\current\texmfs\install\tex/latex/xcolor\xcolor.st
y
Package: xcolor 2016/05/11 v2.12 LaTeX color extensions (UK)

(C:\Users\Hp\scoop\apps\latex\current\texmfs\install\tex/latex/graphics-cfg\col
or.cfg
File: color.cfg 2016/01/02 v1.6 sample color configuration
)
Package xcolor Info: Driver file: pdftex.def on input line 225.
LaTeX Info: Redefining \color on input line 709.
Package xcolor Info: Model `cmy' substituted by `cmy0' on input line 1348.
Package xcolor Info: Model `hsb' substituted by `rgb' on input line 1352.
Package xcolor Info: Model `RGB' extended on input line 1364.
Package xcolor Info: Model `HTML' substituted by `rgb' on input line 1366.
Package xcolor Info: Model `Hsb' substituted by `hsb' on input line 1367.
Package xcolor Info: Model `tHsb' substituted by `hsb' on input line 1368.
Package xcolor Info: Model `HSB' substituted by `hsb' on input line 1369.
Package xcolor Info: Model `Gray' substituted by `gray' on input line 1370.
Package xcolor Info: Model `wave' substituted by `hsb' on input line 1371.
)
(C:\Users\Hp\scoop\apps\latex\current\texmfs\install\tex/latex/cancel\cancel.st
y
Package: cancel 2013/04/12 v2.2 Cancel math terms
)
(C:\Users\Hp\scoop\apps\latex\current\texmfs\install\tex/latex/pgf/frontendlaye
r\tikz.sty
(C:\Users\Hp\scoop\apps\latex\current\texmfs\install\tex/latex/pgf/basiclayer\p
gf.sty
(C:\Users\Hp\scoop\apps\latex\current\texmfs\install\tex/latex/pgf/utilities\pg
frcs.sty
(C:\Users\Hp\scoop\apps\latex\current\texmfs\install\tex/generic/pgf/utilities\
pgfutil-common.tex
\pgfutil@everybye=\toks26
\pgfutil@tempdima=\dimen171
\pgfutil@tempdimb=\dimen172

(C:\Users\Hp\scoop\apps\latex\current\texmfs\install\tex/generic/pgf/utilities\
pgfutil-common-lists.tex))
(C:\Users\Hp\scoop\apps\latex\current\texmfs\install\tex/generic/pgf/utilities\
pgfutil-latex.def
\pgfutil@abb=\box67
)
(C:\Users\Hp\scoop\apps\latex\current\texmfs\install\tex/generic/pgf/utilities\
pgfrcs.code.tex
(C:\Users\Hp\scoop\apps\latex\current\texmfs\install\tex/generic/pgf\pgf.revisi
on.tex)
Package: pgfrcs 2021/05/15 v3.1.9a (3.1.9a)
))
Package: pgf 2021/05/15 v3.1.9a (3.1.9a)

(C:\Users\Hp\scoop\apps\latex\current\texmfs\install\tex/latex/pgf/basiclayer\p
gfcore.sty
(C:\Users\Hp\scoop\apps\latex\current\texmfs\install\tex/latex/pgf/systemlayer\
pgfsys.sty
(C:\Users\Hp\scoop\apps\latex\current\texmfs\install\tex/generic/pgf/systemlaye
r\pgfsys.code.tex
Package: pgfsys 2021/05/15 v3.1.9a (3.1.9a)

(C:\Users\Hp\scoop\apps\latex\current\texmfs\install\tex/generic/pgf/utilities\
pgfkeys.code.tex
\pgfkeys@pathtoks=\toks27
\pgfkeys@temptoks=\toks28

(C:\Users\Hp\scoop\apps\latex\current\texmfs\install\tex/generic/pgf/utilities\
pgfkeysfiltered.code.tex
\pgfkeys@tmptoks=\toks29
))
\pgf@x=\dimen173
\pgf@y=\dimen174
\pgf@xa=\dimen175
\pgf@ya=\dimen176
\pgf@xb=\dimen177
\pgf@yb=\dimen178
\pgf@xc=\dimen179
\pgf@yc=\dimen180
\pgf@xd=\dimen181
\pgf@yd=\dimen182
\w@pgf@writea=\write3
\r@pgf@reada=\read2
\c@pgf@counta=\count295
\c@pgf@countb=\count296
\c@pgf@countc=\count297
\c@pgf@countd=\count298
\t@pgf@toka=\toks30
\t@pgf@tokb=\toks31
\t@pgf@tokc=\toks32
\pgf@sys@id@count=\count299

(C:\Users\Hp\scoop\apps\latex\current\texmfs\install\tex/generic/pgf/systemlaye
r\pgf.cfg
File: pgf.cfg 2021/05/15 v3.1.9a (3.1.9a)
)
Driver file for pgf: pgfsys-pdftex.def

(C:\Users\Hp\scoop\apps\latex\current\texmfs\install\tex/generic/pgf/systemlaye
r\pgfsys-pdftex.def
File: pgfsys-pdftex.def 2021/05/15 v3.1.9a (3.1.9a)

(C:\Users\Hp\scoop\apps\latex\current\texmfs\install\tex/generic/pgf/systemlaye
r\pgfsys-common-pdf.def
File: pgfsys-common-pdf.def 2021/05/15 v3.1.9a (3.1.9a)
)))
(C:\Users\Hp\scoop\apps\latex\current\texmfs\install\tex/generic/pgf/systemlaye
r\pgfsyssoftpath.code.tex
File: pgfsyssoftpath.code.tex 2021/05/15 v3.1.9a (3.1.9a)
\pgfsyssoftpath@smallbuffer@items=\count300
\pgfsyssoftpath@bigbuffer@items=\count301
)
(C:\Users\Hp\scoop\apps\latex\current\texmfs\install\tex/generic/pgf/systemlaye
r\pgfsysprotocol.code.tex
File: pgfsysprotocol.code.tex 2021/05/15 v3.1.9a (3.1.9a)
))
(C:\Users\Hp\scoop\apps\latex\current\texmfs\install\tex/generic/pgf/basiclayer
\pgfcore.code.tex
Package: pgfcore 2021/05/15 v3.1.9a (3.1.9a)

(C:\Users\Hp\scoop\apps\latex\current\texmfs\install\tex/generic/pgf/math\pgfma
th.code.tex
(C:\Users\Hp\scoop\apps\latex\current\texmfs\install\tex/generic/pgf/math\pgfma
thcalc.code.tex
(C:\Users\Hp\scoop\apps\latex\current\texmfs\install\tex/generic/pgf/math\pgfma
thutil.code.tex)
(C:\Users\Hp\scoop\apps\latex\current\texmfs\install\tex/generic/pgf/math\pgfma
thparser.code.tex
\pgfmath@dimen=\dimen183
\pgfmath@count=\count302
\pgfmath@box=\box68
\pgfmath@toks=\toks33
\pgfmath@stack@operand=\toks34
\pgfmath@stack@operation=\toks35
)
(C:\Users\Hp\scoop\apps\latex\current\texmfs\install\tex/generic/pgf/math\pgfma
thfunctions.code.tex
(C:\Users\Hp\scoop\apps\latex\current\texmfs\install\tex/generic/pgf/math\pgfma
thfunctions.basic.code.tex)
(C:\Users\Hp\scoop\apps\latex\current\texmfs\install\tex/generic/pgf/math\pgfma
thfunctions.trigonometric.code.tex)
(C:\Users\Hp\scoop\apps\latex\current\texmfs\install\tex/generic/pgf/math\pgfma
thfunctions.random.code.tex)
(C:\Users\Hp\scoop\apps\latex\current\texmfs\install\tex/generic/pgf/math\pgfma
thfunctions.comparison.code.tex)
(C:\Users\Hp\scoop\apps\latex\current\texmfs\install\tex/generic/pgf/math\pgfma
thfunctions.base.code.tex)
(C:\Users\Hp\scoop\apps\latex\current\texmfs\install\tex/generic/pgf/math\pgfma
thfunctions.round.code.tex)
(C:\Users\Hp\scoop\apps\latex\current\texmfs\install\tex/generic/pgf/math\pgfma
thfunctions.misc.code.tex)
(C:\Users\Hp\scoop\apps\latex\current\texmfs\install\tex/generic/pgf/math\pgfma
thfunctions.integerarithmetics.code.tex)))
(C:\Users\Hp\scoop\apps\latex\current\texmfs\install\tex/generic/pgf/math\pgfma
thfloat.code.tex
\c@pgfmathroundto@lastzeros=\count303
))
(C:\Users\Hp\scoop\apps\latex\current\texmfs\install\tex/generic/pgf/math\pgfin
t.code.tex)
(C:\Users\Hp\scoop\apps\latex\current\texmfs\install\tex/generic/pgf/basiclayer
\pgfcorepoints.code.tex
File: pgfcorepoints.code.tex 2021/05/15 v3.1.9a (3.1.9a)
\pgf@picminx=\dimen184
\pgf@picmaxx=\dimen185
\pgf@picminy=\dimen186
\pgf@picmaxy=\dimen187
\pgf@pathminx=\dimen188
\pgf@pathmaxx=\dimen189
\pgf@pathminy=\dimen190
\pgf@pathmaxy=\dimen191
\pgf@xx=\dimen192
\pgf@xy=\dimen193
\pgf@yx=\dimen194
\pgf@yy=\dimen195
\pgf@zx=\dimen196
\pgf@zy=\dimen197
)
(C:\Users\Hp\scoop\apps\latex\current\texmfs\install\tex/generic/pgf/basiclayer
\pgfcorepathconstruct.code.tex
File: pgfcorepathconstruct.code.tex 2021/05/15 v3.1.9a (3.1.9a)
\pgf@path@lastx=\dimen198
\pgf@path@lasty=\dimen199
)
(C:\Users\Hp\scoop\apps\latex\current\texmfs\install\tex/generic/pgf/basiclayer
\pgfcorepathusage.code.tex
File: pgfcorepathusage.code.tex 2021/05/15 v3.1.9a (3.1.9a)
\pgf@shorten@end@additional=\dimen256
\pgf@shorten@start@additional=\dimen257
)
(C:\Users\Hp\scoop\apps\latex\current\texmfs\install\tex/generic/pgf/basiclayer
\pgfcorescopes.code.tex
File: pgfcorescopes.code.tex 2021/05/15 v3.1.9a (3.1.9a)
\pgfpic=\box69
\pgf@hbox=\box70
\pgf@layerbox@main=\box71
\pgf@picture@serial@count=\count304
)
(C:\Users\Hp\scoop\apps\latex\current\texmfs\install\tex/generic/pgf/basiclayer
\pgfcoregraphicstate.code.tex
File: pgfcoregraphicstate.code.tex 2021/05/15 v3.1.9a (3.1.9a)
\pgflinewidth=\dimen258
)
(C:\Users\Hp\scoop\apps\latex\current\texmfs\install\tex/generic/pgf/basiclayer
\pgfcoretransformations.code.tex
File: pgfcoretransformations.code.tex 2021/05/15 v3.1.9a (3.1.9a)
\pgf@pt@x=\dimen259
\pgf@pt@y=\dimen260
\pgf@pt@temp=\dimen261
)
(C:\Users\Hp\scoop\apps\latex\current\texmfs\install\tex/generic/pgf/basiclayer
\pgfcorequick.code.tex
File: pgfcorequick.code.tex 2021/05/15 v3.1.9a (3.1.9a)
)
(C:\Users\Hp\scoop\apps\latex\current\texmfs\install\tex/generic/pgf/basiclayer
\pgfcoreobjects.code.tex
File: pgfcoreobjects.code.tex 2021/05/15 v3.1.9a (3.1.9a)
)
(C:\Users\Hp\scoop\apps\latex\current\texmfs\install\tex/generic/pgf/basiclayer
\pgfcorepathprocessing.code.tex
File: pgfcorepathprocessing.code.tex 2021/05/15 v3.1.9a (3.1.9a)
)
(C:\Users\Hp\scoop\apps\latex\current\texmfs\install\tex/generic/pgf/basiclayer
\pgfcorearrows.code.tex
File: pgfcorearrows.code.tex 2021/05/15 v3.1.9a (3.1.9a)
\pgfarrowsep=\dimen262
)
(C:\Users\Hp\scoop\apps\latex\current\texmfs\install\tex/generic/pgf/basiclayer
\pgfcoreshade.code.tex
File: pgfcoreshade.code.tex 2021/05/15 v3.1.9a (3.1.9a)
\pgf@max=\dimen263
\pgf@sys@shading@range@num=\count305
\pgf@shadingcount=\count306
)
(C:\Users\Hp\scoop\apps\latex\current\texmfs\install\tex/generic/pgf/basiclayer
\pgfcoreimage.code.tex
File: pgfcoreimage.code.tex 2021/05/15 v3.1.9a (3.1.9a)

(C:\Users\Hp\scoop\apps\latex\current\texmfs\install\tex/generic/pgf/basiclayer
\pgfcoreexternal.code.tex
File: pgfcoreexternal.code.tex 2021/05/15 v3.1.9a (3.1.9a)
\pgfexternal@startupbox=\box72
))
(C:\Users\Hp\scoop\apps\latex\current\texmfs\install\tex/generic/pgf/basiclayer
\pgfcorelayers.code.tex
File: pgfcorelayers.code.tex 2021/05/15 v3.1.9a (3.1.9a)
)
(C:\Users\Hp\scoop\apps\latex\current\texmfs\install\tex/generic/pgf/basiclayer
\pgfcoretransparency.code.tex
File: pgfcoretransparency.code.tex 2021/05/15 v3.1.9a (3.1.9a)
)
(C:\Users\Hp\scoop\apps\latex\current\texmfs\install\tex/generic/pgf/basiclayer
\pgfcorepatterns.code.tex
File: pgfcorepatterns.code.tex 2021/05/15 v3.1.9a (3.1.9a)
)
(C:\Users\Hp\scoop\apps\latex\current\texmfs\install\tex/generic/pgf/basiclayer
\pgfcorerdf.code.tex
File: pgfcorerdf.code.tex 2021/05/15 v3.1.9a (3.1.9a)
)))
(C:\Users\Hp\scoop\apps\latex\current\texmfs\install\tex/generic/pgf/modules\pg
fmoduleshapes.code.tex
File: pgfmoduleshapes.code.tex 2021/05/15 v3.1.9a (3.1.9a)
\pgfnodeparttextbox=\box73
)
(C:\Users\Hp\scoop\apps\latex\current\texmfs\install\tex/generic/pgf/modules\pg
fmoduleplot.code.tex
File: pgfmoduleplot.code.tex 2021/05/15 v3.1.9a (3.1.9a)
)
(C:\Users\Hp\scoop\apps\latex\current\texmfs\install\tex/latex/pgf/compatibilit
y\pgfcomp-version-0-65.sty
Package: pgfcomp-version-0-65 2021/05/15 v3.1.9a (3.1.9a)
\pgf@nodesepstart=\dimen264
\pgf@nodesepend=\dimen265
)
(C:\Users\Hp\scoop\apps\latex\current\texmfs\install\tex/latex/pgf/compatibilit
y\pgfcomp-version-1-18.sty
Package: pgfcomp-version-1-18 2021/05/15 v3.1.9a (3.1.9a)
))
(C:\Users\Hp\scoop\apps\latex\current\texmfs\install\tex/latex/pgf/utilities\pg
ffor.sty
(C:\Users\Hp\scoop\apps\latex\current\texmfs\install\tex/latex/pgf/utilities\pg
fkeys.sty
(C:\Users\Hp\scoop\apps\latex\current\texmfs\install\tex/generic/pgf/utilities\
pgfkeys.code.tex))
(C:\Users\Hp\scoop\apps\latex\current\texmfs\install\tex/latex/pgf/math\pgfmath
.sty
(C:\Users\Hp\scoop\apps\latex\current\texmfs\install\tex/generic/pgf/math\pgfma
th.code.tex))
(C:\Users\Hp\scoop\apps\latex\current\texmfs\install\tex/generic/pgf/utilities\
pgffor.code.tex
Package: pgffor 2021/05/15 v3.1.9a (3.1.9a)

(C:\Users\Hp\scoop\apps\latex\current\texmfs\install\tex/generic/pgf/math\pgfma
th.code.tex)
\pgffor@iter=\dimen266
\pgffor@skip=\dimen267
\pgffor@stack=\toks36
\pgffor@toks=\toks37
))
(C:\Users\Hp\scoop\apps\latex\current\texmfs\install\tex/generic/pgf/frontendla
yer/tikz\tikz.code.tex
Package: tikz 2021/05/15 v3.1.9a (3.1.9a)

(C:\Users\Hp\scoop\apps\latex\current\texmfs\install\tex/generic/pgf/libraries\
pgflibraryplothandlers.code.tex
File: pgflibraryplothandlers.code.tex 2021/05/15 v3.1.9a (3.1.9a)
\pgf@plot@mark@count=\count307
\pgfplotmarksize=\dimen268
)
\tikz@lastx=\dimen269
\tikz@lasty=\dimen270
\tikz@lastxsaved=\dimen271
\tikz@lastysaved=\dimen272
\tikz@lastmovetox=\dimen273
\tikz@lastmovetoy=\dimen274
\tikzleveldistance=\dimen275
\tikzsiblingdistance=\dimen276
\tikz@figbox=\box74
\tikz@figbox@bg=\box75
\tikz@tempbox=\box76
\tikz@tempbox@bg=\box77
\tikztreelevel=\count308
\tikznumberofchildren=\count309
\tikznumberofcurrentchild=\count310
\tikz@fig@count=\count311

(C:\Users\Hp\scoop\apps\latex\current\texmfs\install\tex/generic/pgf/modules\pg
fmodulematrix.code.tex
File: pgfmodulematrix.code.tex 2021/05/15 v3.1.9a (3.1.9a)
\pgfmatrixcurrentrow=\count312
\pgfmatrixcurrentcolumn=\count313
\pgf@matrix@numberofcolumns=\count314
)
\tikz@expandcount=\count315

(C:\Users\Hp\scoop\apps\latex\current\texmfs\install\tex/generic/pgf/frontendla
yer/tikz/libraries\tikzlibrarytopaths.code.tex
File: tikzlibrarytopaths.code.tex 2021/05/15 v3.1.9a (3.1.9a)
)))
(C:\Users\Hp\scoop\apps\latex\current\texmfs\install\tex/generic/pgf/frontendla
yer/tikz/libraries\tikzlibraryshapes.geometric.code.tex
File: tikzlibraryshapes.geometric.code.tex 2021/05/15 v3.1.9a (3.1.9a)

(C:\Users\Hp\scoop\apps\latex\current\texmfs\install\tex/generic/pgf/libraries/
shapes\pgflibraryshapes.geometric.code.tex
File: pgflibraryshapes.geometric.code.tex 2021/05/15 v3.1.9a (3.1.9a)
))
(C:\Users\Hp\scoop\apps\latex\current\texmfs\install\tex/generic/pgf/frontendla
yer/tikz/libraries\tikzlibraryarrows.code.tex
File: tikzlibraryarrows.code.tex 2021/05/15 v3.1.9a (3.1.9a)

(C:\Users\Hp\scoop\apps\latex\current\texmfs\install\tex/generic/pgf/libraries\
pgflibraryarrows.code.tex
File: pgflibraryarrows.code.tex 2021/05/15 v3.1.9a (3.1.9a)
\arrowsize=\dimen277
))
Package translations Info: No language package found. I am going to use `englis
h' as default language. on input line 24.
 (assignment_3_report.aux)
\openout1 = `assignment_3_report.aux'.

LaTeX Font Info:    Checking defaults for OML/cmm/m/it on input line 24.
LaTeX Font Info:    ... okay on input line 24.
LaTeX Font Info:    Checking defaults for OMS/cmsy/m/n on input line 24.
LaTeX Font Info:    ... okay on input line 24.
LaTeX Font Info:    Checking defaults for OT1/cmr/m/n on input line 24.
LaTeX Font Info:    ... okay on input line 24.
LaTeX Font Info:    Checking defaults for T1/cmr/m/n on input line 24.
LaTeX Font Info:    ... okay on input line 24.
LaTeX Font Info:    Checking defaults for TS1/cmr/m/n on input line 24.
LaTeX Font Info:    ... okay on input line 24.
LaTeX Font Info:    Checking defaults for OMX/cmex/m/n on input line 24.
LaTeX Font Info:    ... okay on input line 24.
LaTeX Font Info:    Checking defaults for U/cmr/m/n on input line 24.
LaTeX Font Info:    ... okay on input line 24.
LaTeX Font Info:    Checking defaults for PD1/pdf/m/n on input line 24.
LaTeX Font Info:    ... okay on input line 24.
LaTeX Font Info:    Checking defaults for PU/pdf/m/n on input line 24.
LaTeX Font Info:    ... okay on input line 24.

(C:\Users\Hp\scoop\apps\latex\current\texmfs\install\tex/context/base/mkii\supp
-pdf.mkii
[Loading MPS to PDF converter (version 2006.09.02).]
\scratchcounter=\count316
\scratchdimen=\dimen278
\scratchbox=\box78
\nofMPsegments=\count317
\nofMParguments=\count318
\everyMPshowfont=\toks38
\MPscratchCnt=\count319
\MPscratchDim=\dimen279
\MPnumerator=\count320
\makeMPintoPDFobject=\count321
\everyMPtoPDFconversion=\toks39
)
(C:\Users\Hp\scoop\apps\latex\current\texmfs\install\tex/latex/epstopdf-pkg\eps
topdf-base.sty
Package: epstopdf-base 2020-01-24 v2.11 Base part for package epstopdf
Package epstopdf-base Info: Redefining graphics rule for `.eps' on input line 4
85.

(C:\Users\Hp\scoop\apps\latex\current\texmfs\install\tex/latex/00miktex\epstopd
f-sys.cfg
File: epstopdf-sys.cfg 2021/03/18 v2.0 Configuration of epstopdf for MiKTeX
))
Package hyperref Info: Link coloring OFF on input line 24.

(C:\Users\Hp\scoop\apps\latex\current\texmfs\install\tex/latex/hyperref\nameref
.sty
Package: nameref 2021-04-02 v2.47 Cross-referencing by name of section

(C:\Users\Hp\scoop\apps\latex\current\texmfs\install\tex/latex/refcount\refcoun
t.sty
Package: refcount 2019/12/15 v3.6 Data extraction from label references (HO)
)
(C:\Users\Hp\scoop\apps\latex\current\texmfs\install\tex/generic/gettitlestring
\gettitlestring.sty
Package: gettitlestring 2019/12/15 v1.6 Cleanup title references (HO)
)
\c@section@level=\count322
)
LaTeX Info: Redefining \ref on input line 24.
LaTeX Info: Redefining \pageref on input line 24.
LaTeX Info: Redefining \nameref on input line 24.
 (assignment_3_report.out) (assignment_3_report.out)
\@outlinefile=\write4
\openout4 = `assignment_3_report.out'.


(C:\Users\Hp\scoop\apps\latex\current\texmfs\install\tex/latex/translations/dic
ts\translations-basic-dictionary-english.trsl
File: translations-basic-dictionary-english.trsl (english translation file `tra
nslations-basic-dictionary')
)
Package translations Info: loading dictionary `translations-basic-dictionary' f
or `english'. on input line 24.
Package caption Info: Begin \AtBeginDocument code.
Package caption Info: End \AtBeginDocument code.
LaTeX Font Info:    Trying to load font information for U+msa on input line 31.


(C:\Users\Hp\scoop\apps\latex\current\texmfs\install\tex/latex/amsfonts\umsa.fd
File: umsa.fd 2013/01/14 v3.01 AMS symbols A
)
LaTeX Font Info:    Trying to load font information for U+msb on input line 31.


(C:\Users\Hp\scoop\apps\latex\current\texmfs\install\tex/latex/amsfonts\umsb.fd
File: umsb.fd 2013/01/14 v3.01 AMS symbols B
)
LaTeX Font Info:    Trying to load font information for U+rsfs on input line 31
.

(C:\Users\Hp\scoop\apps\latex\current\texmfs\install\tex/latex/jknappen\ursfs.f
d
File: ursfs.fd 1998/03/24 rsfs font definition file (jk)
) [1

{C:/Users/Hp/scoop/apps/latex/current/texmfs/data/pdftex/config/pdftex.map}]
<Figure_1.png, id=63, 462.528pt x 346.896pt>
File: Figure_1.png Graphic file (type png)
<use Figure_1.png>
Package pdftex.def Info: Figure_1.png  used on input line 89.
(pdftex.def)             Requested size: 317.07614pt x 237.81816pt.
<rf.png, id=65, 204.765pt x 158.84344pt>
File: rf.png Graphic file (type png)
<use rf.png>
Package pdftex.def Info: rf.png  used on input line 100.
(pdftex.def)             Requested size: 181.18439pt x 140.56067pt.
 [2 <./Figure_1.png>]
<Figure_2.png, id=77, 578.16pt x 396.7623pt>
File: Figure_2.png Graphic file (type png)
<use Figure_2.png>
Package pdftex.def Info: Figure_2.png  used on input line 131.
(pdftex.def)             Requested size: 362.37569pt x 248.6781pt.
 [3 <./rf.png>] [4 <./Figure_2.png>] [5] [6] [7]
[8] (assignment_3_report.aux)

LaTeX Warning: Label(s) may have changed. Rerun to get cross-references right.

Package rerunfilecheck Info: File `assignment_3_report.out' has not changed.
(rerunfilecheck)             Checksum: 0CA5246A2278FCDD6AE35716DC656CC8;1127.
 ) 
Here is how much of TeX's memory you used:
 25632 strings out of 478864
 521984 string characters out of 2845324
 773874 words of memory out of 3000000
 43117 multiletter control sequences out of 15000+600000
 414800 words of font info for 74 fonts, out of 8000000 for 9000
 1141 hyphenation exceptions out of 8191
 84i,10n,83p,447b,897s stack positions out of 5000i,500n,10000p,200000b,80000s
<C:/Users/Hp/scoop/apps/latex/current/texmfs/install/fonts/type1/public/amsfo
nts/cm/cmbx10.pfb><C:/Users/Hp/scoop/apps/latex/current/texmfs/install/fonts/ty
pe1/public/amsfonts/cm/cmbx12.pfb><C:/Users/Hp/scoop/apps/latex/current/texmfs/
install/fonts/type1/public/amsfonts/cm/cmex10.pfb><C:/Users/Hp/scoop/apps/latex
/current/texmfs/install/fonts/type1/public/amsfonts/cmextra/cmex8.pfb><C:/Users
/Hp/scoop/apps/latex/current/texmfs/install/fonts/type1/public/amsfonts/cm/cmmi
10.pfb><C:/Users/Hp/scoop/apps/latex/current/texmfs/install/fonts/type1/public/
amsfonts/cm/cmmi6.pfb><C:/Users/Hp/scoop/apps/latex/current/texmfs/install/font
s/type1/public/amsfonts/cm/cmmi8.pfb><C:/Users/Hp/scoop/apps/latex/current/texm
fs/install/fonts/type1/public/amsfonts/cm/cmr10.pfb><C:/Users/Hp/scoop/apps/lat
ex/current/texmfs/install/fonts/type1/public/amsfonts/cm/cmr12.pfb><C:/Users/Hp
/scoop/apps/latex/current/texmfs/install/fonts/type1/public/amsfonts/cm/cmr17.p
fb><C:/Users/Hp/scoop/apps/latex/current/texmfs/install/fonts/type1/public/amsf
onts/cm/cmr6.pfb><C:/Users/Hp/scoop/apps/latex/current/texmfs/install/fonts/typ
e1/public/amsfonts/cm/cmr8.pfb><C:/Users/Hp/scoop/apps/latex/current/texmfs/ins
tall/fonts/type1/public/amsfonts/cm/cmr9.pfb><C:/Users/Hp/scoop/apps/latex/curr
ent/texmfs/install/fonts/type1/public/amsfonts/cm/cmsy10.pfb><C:/Users/Hp/scoop
/apps/latex/current/texmfs/install/fonts/type1/public/amsfonts/cm/cmsy8.pfb><C:
/Users/Hp/scoop/apps/latex/current/texmfs/install/fonts/type1/public/amsfonts/c
m/cmti10.pfb><C:/Users/Hp/scoop/apps/latex/current/texmfs/install/fonts/type1/p
ublic/amsfonts/cm/cmtt10.pfb><C:/Users/Hp/scoop/apps/latex/current/texmfs/insta
ll/fonts/type1/public/amsfonts/cm/cmtt9.pfb>
Output written on assignment_3_report.pdf (8 pages, 324612 bytes).
PDF statistics:
 199 PDF objects out of 1000 (max. 8388607)
 28 named destinations out of 1000 (max. 500000)
 92 words of extra memory for PDF output out of 10000 (max. 10000000)

